#-----------------------------------------------------------
# Vivado v2018.2 (64-bit)
# SW Build 2258646 on Thu Jun 14 20:03:12 MDT 2018
# IP Build 2256618 on Thu Jun 14 22:10:49 MDT 2018
# Start of session at: Tue Mar 31 20:59:38 2020
# Process ID: 4000
# Current directory: C:/Users/26012/Desktop/EE2026-master
# Command line: vivado.exe -gui_launcher_event rodinguilauncherevent7796 C:\Users\26012\Desktop\EE2026-master\SoundDisplay.xpr
# Log file: C:/Users/26012/Desktop/EE2026-master/vivado.log
# Journal file: C:/Users/26012/Desktop/EE2026-master\vivado.jou
#-----------------------------------------------------------
start_gui
open_project C:/Users/26012/Desktop/EE2026-master/SoundDisplay.xpr
Scanning sources...
Finished scanning sources
INFO: [IP_Flow 19-234] Refreshing IP repositories
INFO: [IP_Flow 19-1704] No user IP repositories specified
INFO: [IP_Flow 19-2313] Loaded Vivado IP repository 'C:/Xilinx/Vivado/2018.2/data/ip'.
open_project: Time (s): cpu = 00:00:17 ; elapsed = 00:00:08 . Memory (MB): peak = 883.121 ; gain = 153.953
update_compile_order -fileset sources_1
exit
INFO: [Common 17-206] Exiting Vivado at Tue Mar 31 21:01:01 2020...
