#-----------------------------------------------------------
# Vivado v2018.2 (64-bit)
# SW Build 2258646 on Thu Jun 14 20:03:12 MDT 2018
# IP Build 2256618 on Thu Jun 14 22:10:49 MDT 2018
# Start of session at: Tue Mar 31 20:27:50 2020
# Process ID: 17280
# Current directory: C:/Users/26012/Desktop/EE2026-master
# Command line: vivado.exe -gui_launcher_event rodinguilauncherevent19904 C:\Users\26012\Desktop\EE2026-master\SoundDisplay.xpr
# Log file: C:/Users/26012/Desktop/EE2026-master/vivado.log
# Journal file: C:/Users/26012/Desktop/EE2026-master\vivado.jou
#-----------------------------------------------------------
start_gui
open_project C:/Users/26012/Desktop/EE2026-master/SoundDisplay.xpr
INFO: [Project 1-313] Project file moved from '/home/wgzesg/Desktop/finalProject/EE2026' since last save.
Scanning sources...
Finished scanning sources
INFO: [IP_Flow 19-234] Refreshing IP repositories
INFO: [IP_Flow 19-1704] No user IP repositories specified
INFO: [IP_Flow 19-2313] Loaded Vivado IP repository 'C:/Xilinx/Vivado/2018.2/data/ip'.
open_project: Time (s): cpu = 00:00:14 ; elapsed = 00:00:09 . Memory (MB): peak = 817.695 ; gain = 94.559
update_compile_order -fileset sources_1
exit
INFO: [Common 17-206] Exiting Vivado at Tue Mar 31 20:33:16 2020...
