#-----------------------------------------------------------
# Vivado v2018.2 (64-bit)
# SW Build 2258646 on Thu Jun 14 20:03:12 MDT 2018
# IP Build 2256618 on Thu Jun 14 22:10:49 MDT 2018
# Start of session at: Sun Mar 22 14:56:17 2020
# Process ID: 20016
# Current directory: C:/Users/26012/Desktop/project/EE2026
# Command line: vivado.exe -gui_launcher_event rodinguilauncherevent12380 C:\Users\26012\Desktop\project\EE2026\SoundDisplay.xpr
# Log file: C:/Users/26012/Desktop/project/EE2026/vivado.log
# Journal file: C:/Users/26012/Desktop/project/EE2026\vivado.jou
#-----------------------------------------------------------
start_gui
open_project C:/Users/26012/Desktop/project/EE2026/SoundDisplay.xpr
INFO: [Project 1-313] Project file moved from '/home/wgzesg/Desktop/SoundDisplay' since last save.
Scanning sources...
Finished scanning sources
INFO: [IP_Flow 19-234] Refreshing IP repositories
INFO: [IP_Flow 19-1704] No user IP repositories specified
INFO: [IP_Flow 19-2313] Loaded Vivado IP repository 'C:/Xilinx/Vivado/2018.2/data/ip'.
open_project: Time (s): cpu = 00:00:17 ; elapsed = 00:00:09 . Memory (MB): peak = 885.109 ; gain = 154.676
update_compile_order -fileset sources_1
