#-----------------------------------------------------------
# Vivado v2018.2 (64-bit)
# SW Build 2258646 on Thu Jun 14 20:03:12 MDT 2018
# IP Build 2256618 on Thu Jun 14 22:10:49 MDT 2018
# Start of session at: Tue Mar 31 20:33:38 2020
# Process ID: 17348
# Current directory: C:/Users/26012/Desktop/EE2026-master
# Command line: vivado.exe -gui_launcher_event rodinguilauncherevent18168 C:\Users\26012\Desktop\EE2026-master\SoundDisplay.xpr
# Log file: C:/Users/26012/Desktop/EE2026-master/vivado.log
# Journal file: C:/Users/26012/Desktop/EE2026-master\vivado.jou
#-----------------------------------------------------------
start_gui
open_project C:/Users/26012/Desktop/EE2026-master/SoundDisplay.xpr
INFO: [Project 1-313] Project file moved from '/home/wgzesg/Desktop/finalProject/EE2026' since last save.
Scanning sources...
Finished scanning sources
INFO: [IP_Flow 19-234] Refreshing IP repositories
INFO: [IP_Flow 19-1704] No user IP repositories specified
INFO: [IP_Flow 19-2313] Loaded Vivado IP repository 'C:/Xilinx/Vivado/2018.2/data/ip'.
open_project: Time (s): cpu = 00:00:16 ; elapsed = 00:00:07 . Memory (MB): peak = 858.832 ; gain = 129.852
update_compile_order -fileset sources_1
update_compile_order -fileset sources_1
update_compile_order -fileset sources_1
reset_run synth_1
launch_runs impl_1 -to_step write_bitstream -jobs 4
[Tue Mar 31 20:41:41 2020] Launched synth_1...
Run output will be captured here: C:/Users/26012/Desktop/EE2026-master/SoundDisplay.runs/synth_1/runme.log
[Tue Mar 31 20:41:41 2020] Launched impl_1...
Run output will be captured here: C:/Users/26012/Desktop/EE2026-master/SoundDisplay.runs/impl_1/runme.log
exit
INFO: [Common 17-206] Exiting Vivado at Tue Mar 31 20:50:41 2020...
