Vivado Simulator 2018.2
Time resolution is 1 ps
03f9
03f9
03d9
03d9
03f8
03f8
03f7
03f7
03d7
03f8
03f8
03d8
03d8
03f8
03f7
03f7
03f7
03f7
03d7
03d7
03f9
03d8
0bd8
03b8
0417
0417
03d9
03d9
03f8
03f8
03d8
03d8
03f8
03f8
03d9
03d9
03f8
03f8
03f8
03f8
03d8
03b8
03f7
0418
03d8
03f9
03f8
03d8
03d7
03d7
03f9
03f9
0419
0419
03f8
03f8
03f7
03f7
03d7
03f8
03d8
03f8
03d8
03f8
03f8
03f8
03f7
03f7
03f8
03f8
03f8
03f8
03f7
03f7
03d8
03d8
03f8
03f8
03d7
03d7
03f8
03f7
03d7
03f8
03d8
03d8
0419
03d8
03f7
0418
03f7
03d7
03f9
03fa
03f8
03f8
03d8
03d8
03d9
03d9
03d8
03d8
03d7
03d7
03f8
03d7
03d7
03d7
03f8
03b7
03f7
03d7
03d7
03f7
0418
03d7
03f9
03f9
0bd8
0bd8
03f7
03f7
03d9
03d9
03f8
03f8
03d8
03d8
03f8
03f8
03b9
03b9
03f7
03f7
03f8
03f8
03b8
03d8
0418
03b6
03f9
03d8
03f8
03f8
03d7
03f7
03f9
03d9
03d9
03f9
03f8
03d8
03f7
03d6
03d7
03f8
03f9
03d8
03d8
03d8
03f8
03f8
03d7
03d7
03f7
03f7
03f7
03f7
03d7
03d7
03d7
03d7
03d8
03d8
03d7
03d7
03f7
03d7
03d7
03d8
03d8
0419
03d8
03d8
03f7
03f7
03d7
03d7
03f9
03fa
03d7
03d7
03f7
03d7
03f6
03f6
03f8
03f8
03d7
03d8
03b8
03d8
03f9
03f9
03f7
03d7
0bf7
03b6
03fa
03d9
03d7
03f7
03f7
0418
0398
03d9
03f7
03f7
03f8
03f8
03f8
03f8
03d9
03d9
03f7
03f7
03f8
03f8
03f8
03f8
03f8
03f8
03f8
03d8
03d7
03d7
03d7
03f8
03b7
03d7
03d7
03d7
03d7
03f7
03d7
03d7
03d7
03f7
03d9
03d9
03f8
03f8
03b7
03d8
03d8
03d8
03d8
03d8
03f8
03f8
03f8
03f8
03d9
03d9
03f8
03f8
03d8
03d8
03d9
03d9
03f9
03f9
03f8
03d8
041a
03d9
03b7
03b7
03d6
03f7
03f8
03d8
03d8
03d8
03d7
03d7
03d7
03d7
03f8
03f8
03f6
03f6
0418
0418
03d8
03f8
03f9
03f9
03f9
03f9
03f8
03f7
0bf7
0bf7
03fa
03fa
0418
03f7
0438
03d7
03f9
03f9
0417
0417
03f8
03f8
03f8
03f8
03f9
03f9
03f7
03f7
03f8
03f8
03f8
03f8
0419
0419
03f8
03f8
03f8
0bf8
0418
03f8
0bf8
0bf8
0418
03f7
0418
03f7
03d7
03d7
03d7
03f7
03d9
03d9
03f9
03f8
0c19
03f8
0c19
03d8
03f8
03f8
03f8
03f8
03f9
03f9
03f9
03f9
03f8
03f8
03f9
03f9
03f9
03f9
0419
0419
0418
03f8
03fa
03fa
0bf7
0bf8
0417
03f7
03d8
03f8
03f8
03f8
0bf7
03d7
03f7
03f7
03f8
03f8
03f8
03f8
03f9
03f9
041a
041a
0418
03d7
0439
03f9
041a
041a
0418
03f8
0419
03d8
0439
0419
03d7
0418
041a
03d9
03f8
03f8
0419
0419
0419
0419
0417
0417
0419
0419
03f7
03f7
03f7
03f7
0bf7
0bf7
03f8
0418
0419
03f8
03d8
03d8
03d7
03f8
2394
1b53
2353
1b12
4c33
6cf6
5c53
3b2f
0419
03f8
041a
041a
0418
03f8
03d6
0417
03f8
03f8
03f9
03f9
0417
0417
0417
0417
0418
0418
0418
0418
0417
0417
03f8
03f8
03f8
03d7
03f8
03f8
03f9
03f9
0bf8
0c18
03f7
03f7
03f9
03f9
03f8
03f8
0418
0418
03f8
03f8
03f8
03f8
0419
0419
041a
041a
03d8
0c18
03f8
0419
043a
043a
0418
0438
0419
0419
0419
0419
0439
0418
03f9
043a
0418
0418
0419
0419
0419
0419
0417
0417
0419
0419
0418
0418
0bf7
0bf7
0bf7
0bf7
0418
03f8
03f9
043a
03f8
03d8
0bf8
0c18
6ddd
971f
8e9f
cfff
d7ff
d7ff
e7ff
dfff
03f8
03d8
03f9
03f9
0418
0418
0437
03f6
0418
0418
03f9
03f9
0418
0418
0417
0417
0418
0418
0418
0418
0417
0417
0418
0418
03f8
0c18
03f8
03f8
0419
043a
0335
0376
0438
0418
03f9
03f9
03f8
0418
0418
0418
0418
0418
0438
0438
0437
0437
0438
0438
3bd1
2b4f
6bae
636d
4acd
4acd
4aab
426a
4a6a
4a69
0438
0417
0438
0438
0417
0417
0438
0438
0438
0438
0438
0438
0439
0439
0439
0439
0418
0418
0459
0459
0439
0439
045a
0419
0c38
03f7
3b2f
7d37
9574
efff
ffff
ffff
f7ff
f7ff
ffff
ffff
ffff
ffff
e79f
adb8
9e1a
5c32
13d7
13d7
0419
043a
0438
0438
0438
0438
0418
0418
0bf8
0bf8
0419
0419
0419
0419
0418
0418
0437
0437
0459
0438
0418
0c39
42eb
63f0
944a
7346
1bd5
1bd5
0438
0438
0438
0438
0418
0418
0438
0438
0438
0438
0437
0437
0458
0458
2b4f
5494
636d
7c10
f7ff
f7ff
f7ff
8cb3
a534
e71c
03f7
0438
0459
0438
0438
0438
0438
0438
0438
0438
0438
0438
0439
0439
0439
0439
0438
0438
0459
0459
0439
0439
0439
045a
0c38
03f6
d7ff
dfff
efff
efff
f7bf
efbf
e79e
efbf
ef7f
ef7f
ef9d
f7de
f7ff
f7ff
e7ff
e7ff
457e
13d7
043a
043a
0438
0438
0439
0439
0418
0418
0c18
0c18
0419
0419
0439
0439
0438
0438
0457
0457
0438
0479
0419
03f8
b659
cf1c
fff9
ad0d
0b53
13b4
0438
0438
0438
0438
0439
0439
0459
0459
0479
0479
0458
0458
2bd4
1b32
5a8a
ef3d
62ec
630d
4aab
426a
52a9
52a9
31e7
52eb
03f6
0458
0419
0439
0c17
0c17
043a
043a
0419
03f8
0459
0458
0458
0458
0459
0459
0438
0438
0458
0458
0438
0438
0458
0438
0458
0c78
cfff
cfff
c7ff
bfff
cfbf
c77f
c6fd
c71e
bf3f
cfbf
c75f
c75f
af9f
b7bf
cfff
d7ff
35bd
0437
0479
0458
0438
0438
0458
0479
0458
0458
047a
0439
0458
0458
0459
0438
0459
0459
0459
0459
0458
0437
045a
045a
abe7
b428
d4cb
cc8a
5b48
5327
0bb4
1c36
0439
0439
047a
045a
0459
0459
0479
0479
0458
0458
3415
1311
7b8e
8bf0
5aab
4a29
4aab
c65a
4a68
5289
3207
52eb
03b6
0c78
0c39
0439
1458
24ba
043a
043a
0c5a
0c5a
0479
0459
0479
0479
047a
047a
0c58
0c58
0479
0479
0c58
0c58
0438
0479
0c58
0458
33b3
33d3
33d1
4454
6495
961b
be9c
b67c
9e3b
7516
8db9
95da
7599
54d6
5c94
43d1
0437
0478
0458
0479
0479
0459
0479
0479
0459
0479
0418
0459
0479
0417
03f7
0438
047a
0459
0459
0459
0458
0458
047a
045a
aba6
b408
9b04
dd0c
742b
3a84
0332
1c56
0c7a
0459
047a
047a
23b4
2bf5
0c7b
045a
0c99
0479
2457
0332
4a8a
4a89
7b8d
ffdf
ad76
ffff
4229
4229
39a7
5229
0c16
0c57
0479
0479
3bb3
6518
2c9a
1c38
0c58
0c58
049a
049a
1439
1439
0c59
0c59
0459
0459
0479
0479
0c59
0c59
0c59
0c79
0438
0c59
0c59
1459
0419
045a
0438
0458
0437
0438
0439
0418
0c58
0417
043a
043a
0439
0439
0c59
0c59
0c59
0c79
0459
0c7a
1439
0c39
33b3
4475
a5d7
efff
ffff
df1c
efff
a5f8
2371
33d3
0c5a
0c5a
0c79
0438
2437
1bf6
940c
8baa
73aa
6b69
9cb0
8c2d
13f6
1c17
0438
0c9a
0458
0c78
9f5f
5d7b
0439
045a
0458
0479
2477
2477
4a69
31c7
5a49
ff9d
bdd8
3187
4208
31a7
3987
3146
1cb9
1cb9
0cba
14db
43f4
5496
2479
2458
1499
14b9
0cdb
04ba
1c7a
1c7a
149a
149a
14ba
14ba
0cbb
0cbb
14ba
14ba
149a
0c79
14ba
14bb
149a
149a
14bc
149b
14da
0c99
14da
14b9
14bb
14bb
1499
1cda
0c9b
149b
149a
14ba
149a
149a
149a
1479
14db
0c9a
1c9a
1459
75fb
cfff
efff
efff
ffff
ffff
efff
efff
a79f
6dba
0c5a
149b
14b9
14b9
2458
2c99
d5f3
ff9a
fffc
fffb
ce35
bdb3
2478
2498
0c9a
14ba
1499
14b9
ffff
ffbf
df3e
df3e
ef9e
be38
2458
2c79
34b9
1bd6
128e
3372
0a4d
0a6e
0a8d
12ce
0a4d
128e
2cdd
249c
249a
2479
7bf1
9cf5
2459
2c9a
24ba
24ba
2c99
2c99
2499
2cda
2c99
2c99
2c99
2c99
2c99
2c99
2499
2499
2cb9
2479
2c79
2c78
2499
2499
2cba
2c9a
247a
24bb
43f3
5454
249a
249a
2c7a
2c9a
3498
3477
247a
2c9b
2c99
2c9a
2c79
2cba
2c79
2458
1cdb
0c7a
659b
a79f
cf7f
c73e
bf9f
c79f
c77f
c77f
d7ff
dfff
2cda
2499
24ba
24ba
43b2
8e1b
f7df
f7df
ffff
f77d
fffe
ef9c
23b4
3c57
3499
3499
24b9
2499
ffdf
ffff
f7ff
f7ff
ffff
f7ff
6e9f
2c99
34d9
34b9
5496
5476
5496
54b7
4cb6
54d6
54b7
5496
249c
2cdc
2cdb
24ba
ad77
bdd8
2cba
34db
2cdb
24bb
2cba
34da
2cda
2cda
34da
34da
34da
34da
34da
34da
2cda
2cda
34da
34da
34ba
34b9
34fb
2cda
2cba
2cba
2cfc
24bb
5454
43f3
2cdb
2cdb
3d1c
2c9a
3c98
3cd9
34dc
249a
34db
34fb
2c9a
34da
34da
34da
1cfc
251c
4477
3415
8d77
ae5b
8dfa
5c94
8557
8db8
7517
5c33
2cb9
2cda
2cfb
24ba
5433
dfff
ffff
bdf7
f77d
deba
f7fe
efdd
86bf
3416
3499
3499
2cfa
2cfa
c77f
cf7f
c79f
c7bf
d7bf
dfff
4d3c
3cba
3cda
3cba
3d1b
34da
44da
3cda
3cdb
3cbb
3cd9
3cd8
6c78
6457
3cd9
3cb9
8c53
a516
4498
4498
4cb8
54f9
449a
4c9b
3cfa
3cfa
34da
34da
44bb
44bb
3cda
3cda
34db
34db
3cbb
3cbb
44b8
44f9
5496
54b7
6cb4
6494
6474
5c33
dd6f
edf1
3bb2
5cb6
34da
34da
4cb7
4c96
44b8
4cd8
3b4f
5c74
3cfa
3cda
3cb9
3cd9
3cda
3cda
3cda
3c99
3cba
3c9a
3cbb
3cbb
349a
3cdb
34b9
3cfa
3d1a
34d9
34d9
34fa
9d57
f7ff
ffdf
e6dc
ffdf
d69a
f7ff
efff
bf5f
4370
3cdb
3cdb
3c9a
3cba
befd
95d8
7517
961b
8d57
5c12
44db
44db
3cfb
44fb
34fa
3d1b
451b
44fa
44fc
44db
44f9
4519
6457
6c98
44fa
3cd9
b598
b5b8
553a
44d9
54d8
5d19
4c9b
4cbb
453a
3cf9
3cfb
3cfb
44db
44db
3cfa
3cfa
3cfb
3cfb
44fc
44db
4d1a
2bf5
54b7
2b72
4370
3b2e
5433
2ace
cd0e
8b06
6d18
4414
453c
455d
33d3
4455
4497
5519
9e7b
4bd1
3d1b
3cfb
44fa
451a
3cda
3cfa
44fb
44fb
44fb
44db
3cdc
44fc
3cfc
3cdb
451b
3cda
3cfa
3d1a
3d1a
3cfa
6bb0
f7ff
ffdf
de7a
ce59
debb
f7ff
c6dc
961a
43b1
451c
44fb
4d1b
44db
3cd9
44fa
44fb
44db
4cfb
4cfb
453b
451a
4cfb
4d1b
5cf7
6518
53d0
6432
84b4
6bb0
43f4
64f8
7497
7477
7c75
7c96
c558
c558
9474
8c53
7457
7c78
4cda
551b
4cfa
4cfa
4cf9
4d1a
4d1a
4d1b
451a
451a
4d1b
4cfb
4d1a
4d1a
6bce
5b6d
ed0b
dc89
eac7
fb69
fb28
fb07
db8b
9122
8bad
6a88
3308
1a45
fe33
ccad
6266
9c2d
a598
6390
453b
453a
4cfb
551b
84d3
63ef
5c33
74f6
4cda
551b
54fb
54fb
451b
451b
4cfa
4d1a
54fb
54fb
4d1b
4cfb
5cf5
6d56
f7ff
f7ff
ffff
ffff
efdf
c69c
2c07
3448
4cf8
5519
3d1b
453b
4d5b
4d3b
555d
4d3c
553b
553b
4d5b
4d5b
4d1c
553c
4414
3bf3
ae9b
e7ff
f7ff
f7ff
a71f
3bb3
7497
7cd8
7455
84d7
9c13
c558
8c53
8c33
84b8
7457
553c
4d1b
553b
553b
555b
4d1a
553b
4d1b
4d3a
4d5b
553c
551c
555b
2c16
c69a
5b4c
d448
dc89
f307
eac7
e244
f2a6
b226
9142
93ce
bd13
2ac7
7d71
fe95
dd2f
51e4
5a24
426b
7c32
4d5b
4d3b
551b
4cda
4b4c
9dd6
7d16
53b1
5d3c
54fb
553b
551b
4d5b
4d5c
553a
4d1a
5d3c
5d1c
4d1b
553c
4c52
2b6e
b5f7
cedb
94b4
b5f9
be3a
6390
3c68
3c68
3415
5d7a
4d7c
453b
5d3b
5d5b
5d3b
5d3b
653b
653b
5d5c
5d3b
6579
4455
b554
ff9d
a535
9cd4
c616
e73b
ffdf
eefc
6c51
b67a
a556
b5b8
9534
c69a
9515
a577
ae1b
9db9
6453
5c12
6c32
6bf1
44b9
5d5b
5d3a
5d5b
6598
5d78
5cfa
655b
6d19
5456
f6f8
838b
72c8
8bab
8388
72e6
aaaa
a248
b269
99a6
ee52
bcec
6a65
b48e
fe34
d50f
3246
42e8
42ca
63ee
65bb
5d5a
655a
5d39
fef0
e60d
dd8e
9b85
657a
5d5a
555a
5d9b
555b
553b
8cf5
84b4
84b4
8473
5388
53a8
6387
63a8
3ba8
3346
43c7
3b86
23c6
3408
3c69
3c69
3c0b
4c8d
6d75
6513
659c
659c
655c
655c
653c
653b
657c
5d7c
6579
5517
83ee
bdb5
e73d
a535
e6fa
fffe
ffdf
ffdf
7492
bebb
b5b8
bdf8
d71c
c69a
d6fd
94f5
bebd
9558
4b90
5c12
5b90
3a8c
553b
5d9c
657c
5d5b
4cf6
5537
657c
657c
755a
5456
cdd4
836a
6246
7b09
72e6
6ae6
7903
91e7
9144
fd34
d5af
a409
6a25
82e8
8265
71e3
3aa7
3246
3aa9
42c9
3435
5539
6d9b
655a
6a60
d58a
a3a6
9324
3c56
6dbb
5dbb
5d9b
5d7c
659d
5b6f
7432
532d
5b6f
4b67
4b67
5346
5326
3346
5c8b
5caa
4c08
2bc7
2be7
2bc7
2be7
33eb
3c0b
3c0f
33ce
2c49
2c49
5d38
6dba
757a
759a
7598
6d57
5d32
5d11
c617
ad54
8987
f4b4
73ae
ffdf
b5b8
c63a
84b2
b659
ae79
efff
bdb6
9491
d77d
ae38
e77e
5b4e
eeb6
ffbb
ff58
fef6
9472
9472
6511
6511
5d10
5d30
6d78
7599
7d37
4b90
99e2
e3ea
4cec
44ab
7b68
62a5
fbca
fba9
71e3
bc0c
e594
69c5
2b68
4c2b
23a9
1327
3a28
ceba
ffff
ffff
cdf6
acf2
6bd0
a597
9c0b
a42b
cce6
f60b
d5af
93a7
6d7d
6d5c
6d7c
759c
8ac7
8ac7
7a66
82a7
9245
9266
9a26
9a26
6a00
ff14
fffb
fffb
d54c
9b85
a329
9ac7
5b29
634a
2428
2c49
3469
2c28
33d2
7dfb
64f8
5476
5453
4c53
54f1
33ed
deba
3185
9a09
70e4
d6bb
ffff
ffff
a516
8d14
9555
9596
beba
a513
9471
a5d7
9d96
8cd4
cebb
f6f7
ee96
f695
e613
ef1d
c5d8
3bec
6511
5d30
54cf
5cd6
4c74
7d16
dfff
99c2
cb48
1325
3c8b
5a84
942b
c1a1
e265
8245
71c3
82a8
fe78
2b27
548c
342b
340b
ffff
f7ff
ffff
ffdf
8c0e
b512
7c32
52ed
9bea
f6d6
dd47
edea
d58f
93a7
759e
6d7d
7dbd
7ddd
82a7
8ac7
9309
7a66
9246
8a25
9205
9226
61c0
ff35
d6b5
f799
d54c
82a2
8a66
8a66
52e8
5b09
2c29
2408
9b69
8ae8
9b0a
7a06
c631
ffd7
ffd4
d62e
82a7
a3aa
bd13
93ef
aa09
aa09
ffff
f7df
be7b
df7f
8d4f
9dd1
95f1
95f1
9e91
9670
7e2f
7e2f
944c
eef7
f674
fed5
83cf
8c30
fe96
fef7
5c8b
6d2e
54eb
5d2c
5d0e
33a9
efdd
f7ff
7b8c
6b2a
4388
3b27
9289
ab4c
effc
21a3
3a86
2a25
8c30
ffff
9db4
2a25
842e
fffd
ffff
ffff
cf1c
be7a
d4a4
f5c8
ed27
ab40
fda7
ed05
9323
dd6c
c50f
9bca
6dfd
75fd
6df6
44b1
7286
72a6
6a86
6a86
6aa6
6265
7a28
69c6
6200
fed0
f6cf
de2c
d590
7263
8288
8268
4ac6
5b69
23e7
2c08
9328
7a86
8267
71e6
ffd8
ded3
f752
f752
8ac7
8286
6269
eeba
baab
fe9b
efbe
e77d
d71d
cedc
63c9
b674
95f1
8db0
754c
5ca9
656c
760e
8c2b
d654
f653
ac2a
d639
ad34
ccef
b44d
546b
9652
7e51
7610
75b1
54ad
3a27
4ac9
6b2b
734b
4368
1a43
ab2c
ed34
638b
42c8
63cb
5349
736d
ffff
effe
effe
fffd
fffd
ffff
ffff
3a6a
5b6e
b3e1
fde9
f588
fda8
f525
e4c4
a3c5
b427
8b68
9bca
763e
7e7f
23cd
23ac
7286
7ac7
6aa6
72c7
6aa6
6a85
7a07
7a07
7260
a405
b4c7
aca6
8b46
82e5
7a47
8268
5307
5b48
23e7
23e7
92c8
9b29
7a88
7226
ff48
ff07
f6ad
f68d
9307
8264
8269
7207
d75b
dfbc
c73b
beda
ae79
b6fb
752d
9652
9e71
9e50
9dcf
9dae
8d4d
8d6d
a42c
bcef
d531
ccf0
fefb
dd54
ac4c
ac4c
d589
6a40
538c
84f2
9590
2222
6a87
ff19
f5b2
fe75
fed7
d4ef
39c3
4a45
9ba9
fe94
fe96
f634
a470
de57
f7ff
f7ff
f7ff
f7bf
ffdf
630c
3145
41e7
6263
de12
fdc5
fdc5
a510
a4ef
f5c5
fe06
e5d0
9b46
8697
4cd0
1bc8
2409
240a
242b
1407
1c28
4b47
4b67
2c0a
23a9
6307
6328
82f2
7a70
62ed
62ed
42cb
4aec
1bc9
23e9
23e9
23e9
8aa7
8266
7a67
7226
d5e2
ff68
ee4c
ddca
92e6
8aa5
7a28
7a48
3aa8
63cd
7cd1
7cf2
74d2
53ce
752d
6d0d
752c
8dae
a610
9def
ae51
b6b2
ddd2
7ae7
8ac8
e5b3
fe58
9b4c
b4ad
ac4c
ee4d
bca6
430b
3268
640a
4326
ac8f
f6d8
cc6d
fe95
bc0c
dd51
ded7
c635
fed5
feb5
d510
f634
bd32
9c4f
efdf
d73d
df3f
e77f
6b2c
41e7
5aaa
6b0b
4120
8b88
fe06
fde5
948e
b592
f5a5
fde5
dd6e
b429
340d
236b
2409
1bc8
1bea
1bea
1c28
13e7
5bea
5388
23a9
23c9
7369
7baa
61ce
61ce
dedc
ce1a
534d
3a8a
2409
23e9
23e9
23e9
4b69
4328
3b47
4367
2347
1ae6
6b6e
6b8f
6d29
5ca7
5d47
6da9
860b
862c
85cb
85ab
7dea
860b
7488
74a9
5cc9
6d6c
6bcd
84b0
3ae7
5bcb
854d
95f0
6ae9
942e
acef
9c8e
d510
bc6d
9b47
dd2e
8386
9408
4980
a44b
bbcc
fe35
fe93
fe73
feb3
feb3
fe72
fe72
e655
bd10
4964
d5b5
d550
7264
626b
a473
83ef
39c7
51c4
72e8
bc25
c466
3182
6329
ac04
e5cc
fdc7
dcc3
b322
e4a8
c5af
8bc7
2c2a
23c8
33a8
33c8
4b69
4308
3b87
3ba7
4388
43a8
3b88
3368
528c
420a
620f
8b54
ff9f
ff7f
84b3
42ab
23e8
23e8
2ba9
2ba9
4349
4b69
4367
4b88
2b68
1b06
e73d
ad76
6d4a
860d
6dc9
6588
7569
6528
5c86
756a
5d07
7589
b6b1
9dee
8e4f
4c68
c697
c6b8
8530
8d51
5408
7d2c
bd73
ad12
accf
f718
9328
bc6e
aba8
bc4b
bd2d
8b87
9c0a
a44b
bbcc
d48f
edf1
b42a
ee10
e5d0
dd2d
dd0d
a42d
59e4
72a9
a44f
dd91
c4ce
2083
49a8
5249
62cb
72e8
8b6a
f60d
b3e4
9cf0
9ccf
8ae0
cd29
fdc7
fda6
e4e8
ece9
8386
7325
1ba8
23c9
33a8
33c8
4328
6c8e
3bc8
3387
3b67
4388
3368
5cad
4a4b
420a
494c
51ae
730d
7b4e
42ab
42ab
23e8
23e8
2bca
2ba9
2bc9
2bc9
3b68
2ae6
b4a1
ac60
8c09
c5b0
6b42
ad09
c409
dccb
9c2f
d5f7
eeb6
940c
74e9
a68f
864b
7e0b
7de9
8e8b
42e7
8510
ffff
dedb
4b88
74ee
5c0e
6490
6d54
6d33
b75d
5c92
b585
ffef
ffca
ffca
ffaa
e6c6
c4e7
a3e3
a490
8bed
8a48
a2ea
b411
6167
79e7
8a89
9b8a
e5b3
840c
4a66
9e33
9e13
534a
42a8
8ac1
e5ac
ed0c
b345
ab08
a2c7
aa87
9a05
9b68
bc6c
a3ee
936b
3264
3a85
73a2
6340
3304
4365
8306
ac4b
5b28
5307
2c08
23e8
3b08
74cf
dd92
6a24
73cf
29a6
9baf
7aab
3ae9
32c9
23e8
23e7
33c8
2ba8
2bc9
2bc9
3b47
5c6c
ddc5
fec9
ad0d
c5b0
d66e
83e4
dccc
b387
ffde
ffde
93eb
a48e
7d2a
8dac
7dea
7dea
7de9
7de9
8d30
bed7
6b4d
bdf8
6c8c
8570
7d33
7d33
6d33
8617
43cf
5451
f7ae
ce68
bde3
dea6
b520
ff8a
e5eb
c4e7
838b
83ac
7144
8a27
e597
6187
bc0f
9aeb
fe96
9b8a
5ac7
bdd3
ae94
bef6
3246
3a67
a384
f5ed
9aa3
ab45
a2e7
a2e7
aa66
b2a7
6a03
6181
59a4
59a5
6c2b
c6b6
deef
deef
8dae
3b24
6243
9c0a
6369
5307
23e8
1ba7
3ae7
32a6
b44d
69e4
a534
f7df
7249
a3cf
53ed
3ae9
23e8
1bc7
2ba8
33a8
23c9
23c9
4b03
954c
fe65
fe65
fe86
fe45
f629
bc62
93f0
e6bb
f7ff
f7ff
ad76
b597
6d48
7dca
6de9
762a
7e07
7e08
7e0a
54c5
650c
4c49
7b6b
a490
6490
8e16
4cf3
3c51
7c2e
73cd
cdcd
bd4b
b553
de98
a4cc
bdaf
d488
e52a
8b48
a40b
8225
7a04
79c7
cc30
7a65
fed6
bd94
3122
452c
454c
6309
634a
2ba8
4ccc
b384
cc68
91c5
b2ea
7aa8
7aa8
9b4c
8289
7309
940d
29c1
6367
ffed
cdc4
6c71
5bef
ddab
f66e
62e4
8c08
62aa
49e7
39a8
4a2a
6b30
62cf
626c
6acd
72e8
de15
924c
cc13
42c8
4309
2bc9
2bc9
2bca
23a9
1ba8
1ba8
4b03
7428
f644
fea6
d500
fe86
fe4a
abe0
9c52
c5b7
f7ff
d71c
c619
ad56
4403
7589
762a
7609
7e07
7e08
6d88
864b
6d0c
4c28
6ac9
bd53
4bed
6d12
8679
6575
6b8c
6bac
c5ac
b52a
de98
f73b
c611
948b
ed2a
a302
f675
f695
fe96
fdf4
b38e
8a28
fed6
dd71
62a8
5a47
450c
13c6
7bed
d697
5d6f
2367
a323
dd0a
9a06
8143
a3cc
ff19
f637
69c6
942d
5226
5b26
efb8
f72a
cde5
8534
9df7
c509
9bc3
b54d
5241
7b6c
d638
ffdf
ffdf
ffdf
a4f7
30e6
626c
8b6a
7b09
c3f2
926c
4b2a
4b09
2388
2388
2389
2389
4c88
54a8
2c0a
23a9
84ea
7448
6ac3
ee93
c531
7b09
a32b
fefa
ef3d
a514
b6f5
53e9
64ca
5469
652b
6d6c
7d6b
754b
f7bd
fffe
f7ff
8490
548b
4c4a
754c
6d0b
65d4
6df4
75b4
234a
b4ee
8347
fe18
dd35
948b
a4ed
9c46
6ac0
c56f
de32
d5b1
f695
ee15
bc6e
b3cc
a32a
63aa
5348
51c5
de56
842f
bdd5
7b0a
4143
9b26
b40a
6b09
a4f1
cd54
ff1b
c5d5
7b8c
83c7
9caa
cda6
ff4c
736a
a510
f674
dd91
4a6a
1904
7308
5a45
ffdf
ffff
df5f
d73f
d7bf
c71e
28e9
522e
bcd2
ddd6
abed
c490
3208
7c31
6528
5cc7
54c7
4c86
7e0e
4c88
44ad
1b88
4b24
4b24
5a41
6282
d5d4
9c0d
92ca
8227
5249
8c10
4ba8
7d4f
5448
4c07
3bc5
5cc9
64c9
5c88
fffe
fffe
f7ff
740e
652e
3bc8
5c88
5ca9
3caf
7635
6d93
54d0
b4ee
bd2e
8249
7a08
8c6a
ad6e
ace9
b509
8ba8
9409
8307
9369
ac2d
c4f0
dd11
79e5
63ca
742c
a46f
7b2a
9cf1
c657
f6d9
ff1a
8264
8ac5
62e9
9cb0
938d
d575
a4d1
83ad
41e0
8c08
f6ca
72c0
18c0
5aa7
9baa
ddb1
8c92
f7df
6286
b4f0
8411
ffdf
adfa
6bd1
6412
befd
5a90
524f
4124
938d
f656
9b6b
6bd0
4aab
6d69
862c
7e0c
75eb
7e2d
4c87
34cd
4d90
75d2
4c6d
4cae
446d
b4f1
e697
99a5
ba88
6a24
9bca
7d4b
5427
5425
5c66
a570
6368
7167
8a29
ffff
ffff
e6d8
734b
6506
75a9
7dac
3b63
442e
8636
55f7
2cd3
fd38
e495
cd34
a3ce
e477
fd3b
630b
ad34
7410
9d75
c369
f4ef
b3ac
d4b0
d490
dcd1
9186
cb6d
bcaf
e5f4
6287
7309
b4f2
836c
e509
81e0
8281
dd6c
a429
c52d
946a
d631
abcc
f615
936b
8b2a
d5d6
e638
bb92
9a6d
bb30
c371
cd33
61e6
6b08
fffc
fffe
e77c
f7ff
efff
524e
41ac
4284
63a8
b4b0
bcd1
9d54
4248
3aa9
742f
760b
6dca
75ec
4ca8
3d0e
6e73
d7fe
54ce
4cae
3c0c
9c2d
de15
fd54
aa07
7265
a3eb
6488
5c47
8dcc
7529
6ba9
a590
b36f
ff5e
ef5d
9492
5247
83ed
6d27
7589
6cea
5c88
440d
75b4
5638
3d34
aaae
aaae
d554
82ca
cb94
aab1
bdd7
b595
cefc
7431
bb28
9203
8206
b3ac
8a27
6102
aa49
91a6
c510
c4f0
942e
49e4
5a47
49a5
fe0e
cc47
a3a5
e58d
b48b
d5af
8c08
83c7
bc4e
9b6a
7ac9
4922
72aa
72ca
ab0f
c3d3
d3d3
9a0c
2800
8b4b
ad51
ad51
efbd
ffff
f7ff
c69a
396b
20e8
63a8
be73
f698
ff3a
c658
6bad
3248
84f2
7e0b
75ea
8e2a
64e5
344b
6df2
d7fe
5d0f
54eb
33e7
e66f
93e4
ad2c
d670
d616
9c2e
4bc8
5409
64aa
4c28
752b
6d0a
7c8f
dfbc
54e5
4c84
9d8c
84e9
5bab
746d
5493
96bc
8e9b
7e1a
6db7
5514
d555
82cb
f3f5
fc15
9aeb
92aa
ae15
d71a
ffdf
9430
71a5
d4b1
c616
c616
ad54
83ee
7123
89c6
940d
3962
ff7c
9bad
93cc
b4b0
fda9
e4c6
cdf2
83c9
c3e6
fded
c4ce
61a2
d5f2
b50e
abec
8ac8
8451
634d
628b
732e
730d
732d
cdb3
83aa
b4ec
bd2d
feda
dd95
e572
e592
528b
8c72
d590
bccd
d6b8
d6d9
ef3b
fffe
3b44
8def
760a
75ea
8e2a
968c
3c4b
342b
5cef
5d0f
3be8
75af
bd2a
8383
9428
e6d2
5a47
6ac9
5c6a
5429
754c
85ce
5c68
3b84
d75a
be97
75c9
7e4b
7447
5343
3aa7
c6d7
96dc
969b
863a
865a
6db7
8edb
ac31
9baf
ba0d
ba2e
a30c
9aeb
df5b
f7fe
bd76
9c71
8247
f595
8c4f
9cb1
5aca
deda
dc70
6902
acd0
940d
ac2f
9bad
834a
7b2a
fd68
f568
bd90
b52f
b363
bba5
a3ca
abeb
a46c
acad
b42d
bc4e
f7be
ce9a
de5a
de7b
cdd7
eedb
cdd3
acef
e692
8386
d534
e5d6
edd3
e5b3
2946
3187
a40a
e612
94d1
df19
bdb5
c5f6
648a
750c
760a
75ea
864a
8e6b
34ec
3d0c
adf5
f7fe
4c06
85ee
b5b0
4a83
6a67
834a
d227
c1a5
6d6b
6d6c
6dab
75cb
7d8e
5469
f7fd
be55
75ea
5d27
acb1
6268
5b6b
5b6b
538c
a616
869a
8679
8c32
e71e
d24f
d24f
8a0b
a2ae
dab2
b16d
8b10
dd9a
a145
eb8e
7b6b
6b09
d592
fef7
b513
cdb6
61c6
dd94
3be6
4c68
85f4
546e
efff
e7be
ac6c
d5b1
7268
e5d5
9b0a
9b0a
ca84
caa5
9ac5
f5b1
8ae7
c4ae
d550
ee13
e615
f656
e635
c510
d549
dd8a
d4eb
ccaa
f5f1
dd0e
ecee
f530
428b
29a8
2169
4acf
c551
bcef
bcac
cd2e
f64f
d54b
74e8
8dab
862a
864a
34cb
3d0c
9d53
f7fe
5447
43e6
94ac
4a83
7b29
6246
da68
da68
652b
75cd
6dab
6dcb
756d
758e
f7fd
c6b7
75c9
7e2b
838d
bd33
a594
6c0d
5bcd
8d53
8edb
6d96
e6fd
7bd1
d24f
c1cd
cbf3
ed18
ca10
d271
6a0c
a3d3
ca6a
a966
b552
7b8b
8b28
e614
a491
30e2
a3cd
cd13
75ad
4c89
43ec
43ec
9d75
adf7
6223
d591
cd12
ac2f
d491
7185
fc0a
d2c5
a327
79e2
7a65
d530
a3a9
c4ee
e614
e5f4
b4af
ddf4
ac25
f66e
c469
f5ef
f5f1
dced
ecce
ecef
52cd
1906
218a
29aa
6265
e655
ddb0
d56f
dd8c
e5cd
9e2d
7d29
860a
8e4a
4cca
44ca
8d31
f7fd
348a
3ccb
2387
2387
6a85
7ae7
8b08
a3aa
65eb
6deb
5327
6bca
7388
8c6c
ffff
ffff
7549
85cb
7648
65c7
6daa
6548
640e
9df6
640e
bed9
dd97
8aed
c351
ecb6
fcf8
fcd8
f4f9
c352
aa2d
c310
ff58
6203
8249
fedb
8aa8
71e6
82a8
fe77
6be7
4ac3
5b6b
29e5
43cc
3b8b
6b0b
83ce
ff7b
d490
fa68
f1e6
bb0c
ff1c
a3e6
d58c
bb45
89c0
c5e6
ef4c
ff0a
ac40
b44c
9328
4921
b48e
ff26
ff05
dd0d
f5b0
fdb2
f5b1
f550
b369
e4c8
e508
62c6
3140
2989
29a9
bd4b
d60e
be2c
c66d
7547
962a
862a
8609
554c
552b
6c2d
ae15
450c
348a
658f
5d4e
938a
6224
7a65
9349
65eb
65cb
5b48
4ac6
ad50
6307
31a7
e75d
af30
7daa
7648
7628
7e0b
5d08
d77c
8d33
b6b9
4b4b
934e
e5f9
f4f8
fcf8
fcf8
fcf8
f4d8
e477
e415
bad0
8b48
bcae
79e7
6165
ccd1
9b2b
d552
7a67
63a6
b630
744e
5b6b
2ac8
2ae8
3123
acd2
ff7b
9288
e9c5
e9a5
91c7
ff3d
ddad
c50b
eccb
eccb
62c0
ce07
ee67
f688
b44c
b44c
ac6e
9bcb
ff67
eea4
a346
b3e8
c42b
ab69
b348
dcad
fd8b
f56a
d633
ad2f
426c
2148
a4a9
bd4b
94e6
94c6
8dea
962a
7e08
7e29
7609
7e4a
75aa
7dcb
8d8b
958b
7d8d
7d6c
6d8c
6d8c
5508
656a
954d
5ba6
ac70
93ad
93ac
4963
730b
ff7d
f7ff
63ad
7609
7e29
638b
a573
fffe
fffe
a516
a516
e456
f4b7
f538
dc75
f4d7
f4d7
ecb8
dc36
e3d4
d352
b3a8
f5d0
63d2
2a0b
5268
5aa9
60c4
9a8b
c9e5
b963
7bf0
632d
4acf
29cb
8125
cb6e
ffdf
cdd8
a1c7
a1a7
bd96
ffdf
b2a6
cb68
ed48
dcc6
a2cd
8a0a
7972
8172
614d
dcfb
9313
616c
8a0d
b332
5a48
8bee
8508
8d29
8d69
8d8a
9c8b
942a
7a84
9ba8
732c
3124
2205
a615
8629
8629
860a
8e2a
8629
7de8
7609
7609
7dcb
3be4
5bc4
6426
3323
6cea
656c
654c
658a
75eb
63e7
7429
f678
b491
6246
ffdc
5a69
838e
ae16
84b1
7e09
7e09
638b
846e
fffe
ceb8
ffdf
9494
d3d4
fcf8
dc75
ecf7
f4d7
f4d7
f4f9
d3f5
ebf5
d332
b3a8
b3a8
63d2
4aef
5268
a4d2
9a8b
924a
c9c5
c9c5
738f
d69b
df3f
efbf
8945
ec51
ffdf
d619
fc92
fd55
ffdf
ffdf
9181
d3aa
ed48
d485
d473
79a8
9a35
9214
8a71
698e
69cd
8ad2
922e
89cd
5248
730b
a5cb
9dcb
95cb
8daa
7b67
8c09
bcac
ac2a
6b0c
41c6
19c4
748f
8649
8649
860a
8609
85eb
85ca
7dec
7dec
81a4
f532
ffdf
ffdf
feba
7165
6c09
8d0d
754c
5469
b3cd
9b0a
bd11
a44e
a38c
ff9c
7247
7aa8
62e6
6b27
6a63
ac8c
9a23
91e2
c513
ac50
ff3f
9c13
cbf5
f53a
d455
ed38
f4f8
ecb7
f519
d3f5
f435
e3b4
83b3
49ec
03f9
041a
1b52
2bb3
326f
21cd
850d
42e4
ce38
fffe
c67b
3a2a
18e8
d6be
c573
bd32
ff18
cd51
94b0
fffd
7960
fd6b
ed67
c442
e50b
92a1
91f4
9214
9a13
9a33
91f2
9a12
8a13
81d2
6a0f
490b
860c
85eb
ad4c
7364
b4c9
e64f
ce76
d697
e5ed
ac06
4967
5187
a68d
95ea
8deb
962b
85ca
85ea
7e0d
4446
c38b
ff3a
ffdf
ff9f
ff5d
c3ef
4b05
8d2e
7d8d
4407
9b2a
bc0e
7ae8
7ae9
8aea
82a9
8b2a
7aa8
62e6
83c9
8367
8346
d3ca
bb07
6a27
934c
6a6d
bd17
c3b4
f51a
cc34
e518
f4f9
f4d8
f4f8
d3d4
f435
db93
83b3
62af
0c3a
03d9
1b31
1311
326f
324f
7cab
850c
ad54
ffff
94f5
29a8
31cb
39ec
b4d1
de36
feb7
d572
a512
9490
d447
fd8c
e546
d4a4
d4aa
b385
89d3
9a34
91f2
9213
9a12
9a12
8a13
81d2
69ef
40aa
5cc7
8e2c
94a9
8407
e690
bd0a
def8
ad52
ddac
cd4a
72ab
4126
6ce6
960b
8deb
8deb
7e2b
7e0a
850f
b674
c1a6
fe18
fffe
fffe
ff1b
b269
ce16
7b6b
75ac
4c87
8308
8329
82a9
8aea
8268
7a06
ac2f
7288
82c5
8b06
d369
9182
e347
e347
6aa6
7b28
830e
ac32
f4b7
fd18
d435
ed18
fd17
f4f6
f4b8
e3f5
e3d3
dbb2
b312
89ed
0478
0417
0bb6
0355
32b2
1a0f
6dab
760c
52ee
31ea
5b73
322d
39a9
6b0f
b42a
fe53
69a4
ed73
b44b
ddb1
ed84
f5e5
f566
f566
bbc8
cc4a
796c
922f
8a51
8a71
7a52
7a51
91f2
89b1
61cb
40c7
2220
9dcf
952b
5b85
dd8b
d54a
e6d6
c5d2
f4ec
dc08
6249
4986
29e1
a5d0
960d
95ed
7e0a
7e0a
6c2c
c6d6
c1a6
ca08
df1a
f7dd
e40f
99a5
a490
8c0d
75ac
4c67
6245
6a45
a38c
932a
8227
8248
7268
6a47
82a4
bc6b
aa45
d38a
e367
d2e6
7b08
6aa6
8b2f
a412
f4f7
fcf8
cbf4
ed18
f4f6
f4f7
fcb8
f477
d331
e3d3
aaf2
aad1
0438
03f7
0335
0335
3291
2a50
4cc7
7e4d
4ace
428d
29ed
2a0d
39a9
62ce
9b67
8ac5
bc2e
8267
f633
bc8d
fe67
fe26
fd86
fda6
9ae4
92a3
798c
714b
694d
612d
618e
7210
9a13
9a13
6a0c
59ab
53a6
95cf
a5ae
5b85
9b42
d509
a4ee
ad0f
d408
aa82
3924
6269
7c6b
6c09
6467
4384
7e0a
7e0a
8ccb
52c3
a208
8104
5964
5964
6922
81e5
5a84
7b68
6c2a
5ba8
8287
69a4
ff36
fef5
d694
6306
3ca6
5dcb
82e6
a40a
8a63
c40a
db29
cac7
52e5
846b
bb90
bbb1
f4d8
fd19
cbf2
f538
f4d8
f4f8
fc97
f476
c311
d3b4
c2f0
c2ef
03b7
0397
22ca
43ad
1af3
1af3
2a6c
5391
59ea
51c9
3a2a
3a0a
49a5
4165
5a48
9c50
cdf6
6aea
4983
7b09
cbc7
cb86
b387
9262
89e2
d42b
7468
8d2b
6de8
7e6b
6ba8
52c5
4acd
4aad
1ac6
442b
2aa2
9610
862d
6529
4262
52c4
6ac6
62a6
42a4
4b05
7305
accc
dc29
dbe9
cb89
a264
7e0a
75c9
a56e
52e4
9186
fdb7
e5b5
ff1a
f573
9a88
41c1
a4ad
7c8b
84cd
dd52
69a4
b44a
e5f1
ad6f
4a63
556a
5dab
9b88
6a02
9284
8a63
ba45
b1e4
7c2a
846b
a2cd
c3d1
f4f8
fd5a
cbd2
f558
fd39
f4d8
fc97
fc97
c311
dbd4
c310
cb30
0376
03d8
22ca
6cf3
12b2
1af3
328d
32ad
7b0e
624b
2988
3a0a
6248
e678
93ef
ff7d
ffde
d617
a42d
a44e
d3e8
c366
ab25
ab46
ab06
bb68
5b64
6c27
762a
7e4a
a54f
52e5
29a9
4ace
2b88
2b68
2282
750c
4446
8e4e
94ed
6bc8
7b48
6285
954e
8ced
93e8
72e4
bb05
bb05
aaa5
a244
762a
760a
6e2b
766c
63e7
eff8
b52f
ff57
bd6f
a48b
6deb
6dcb
75ab
5d09
6469
4344
5caa
2b44
59c6
82ca
2a82
7d2c
65ab
65ab
5d8a
5d8a
4c46
5487
750c
4bc7
8a0a
9a8b
cb10
cb31
c290
db74
e394
f3d6
e335
d2b2
ba4e
ba4d
aa0b
9148
3a4a
4aed
2a6b
5c11
3b4c
330b
5a4a
49c8
5a26
49c4
39e2
6327
6b08
3961
9c70
fffe
ffdf
ffdf
a3ec
9bab
e449
dc29
e42a
cb67
82a5
8ac6
3b64
6489
7e08
7608
7e09
864a
23e5
1ba4
1364
1344
0260
656c
5d09
4c66
74ca
4344
5b66
4ae5
5c08
74ec
3342
85ed
862b
862b
7e2d
760c
760a
7609
660a
6e4b
852b
6407
a48d
9c2b
9409
8be9
760c
65aa
6d6a
6d8a
6469
6469
6d4c
6d4c
6207
59c6
2a82
852d
658b
658a
65aa
65ab
758b
75ab
856d
646a
8a4a
8a4a
aa0c
916a
d332
d353
d2f2
d2f2
d2d3
ca51
a18b
a9cc
9149
9149
5b4e
4acc
2a6b
32ac
8575
2289
5a6a
5a6a
5a06
5a26
6327
948d
9c8e
7328
5248
83ce
9cd3
4a6a
7aa7
61e4
b2c3
b2c3
b2a5
aa64
7a44
abea
960e
85ad
7e28
7608
7e09
75c8
766f
768f
5dad
556c
75ee
6dcd
75cb
6529
53c6
6448
4ae5
5325
5c08
53c7
7d8c
64c8
75a9
6507
5508
5508
7de8
7e08
7e0a
75c9
7e0b
7e0b
760a
762b
7e2b
7dea
6dca
6dca
7daa
7daa
7e0b
6da9
65ea
65ea
75cc
654a
75ca
758a
65cb
5daa
6deb
65aa
658a
6dca
758a
7dca
75eb
7deb
6e0b
6e2b
5425
5446
5427
4be6
4c46
4c26
5d67
7e6b
84eb
5345
7a68
7227
4205
5aa7
962c
43c2
6a47
61e6
32e2
a64f
7e4b
762a
962d
5446
4242
4221
6ce9
3322
42c3
42a3
764c
65ea
6d88
75c8
7e8a
6e08
762a
760a
7daa
85eb
7deb
7deb
75c9
75e9
860a
860a
762a
760a
7e29
7e29
7e4a
7609
868c
7e2b
8e2b
862b
8609
8609
8628
8649
8609
862a
7e08
7e29
75ea
7e2b
7deb
75ca
760a
760a
75a9
7e2b
75ca
75ea
7daa
860c
75ea
75ea
65ea
6e0a
6d8b
75cc
7dcb
758a
65aa
65cb
6dca
6dca
6dca
6daa
7569
7589
6daa
6daa
65ea
6e0b
85ac
85ab
85ad
85ad
85ed
756b
6e0a
65c9
956d
3aa2
9b8c
9b6c
4a25
83ec
85ca
8deb
7aa8
82e9
7d0a
8dcd
760a
762a
85ac
8ded
a56e
ad6e
7d2b
6cc9
7c8a
9d8e
6e0b
764c
7e0a
862a
6e08
7649
6de9
762a
85eb
85cb
7e0b
75ca
7e2a
7e0a
7de9
862a
7e2b
760a
7e29
7e29
7609
6e09
760a
7e2b
85ea
862b
8e4a
8609
8e69
8628
862a
8609
75ea
75ea
75e9
75e9
862a
862a
75e9
7e2a
7dea
7dea
860a
7dc9
762b
6dea
75ea
75ea
75c9
75ca
6dab
6dab
75cc
75cb
6dca
6daa
6d89
75aa
75ec
656a
75ea
75ca
760d
75ed
8dae
8dad
7e0b
7e0c
75eb
760b
75ab
7dec
65eb
6deb
75aa
7deb
650a
6d6c
7deb
7deb
75eb
7e0c
864c
866c
8e4b
85ea
85cb
8dcb
8dec
960c
7e2c
7e0b
5d29
6d8a
6d48
862b
7e2a
7e2a
760b
6dca
7e6a
7609
85ea
6d27
5ce7
6507
7e4a
7629
7dea
7e0a
7e2a
760a
860b
7dca
7e0a
7e09
862a
862a
860b
860b
8e2c
85eb
8dea
8dea
8e0a
8e2a
860b
7e0b
6da9
760b
7e0a
7e0a
7de9
7de9
7e2a
760a
7dea
7e0a
7da9
85ea
760a
762a
7e0b
75ca
75a9
6da9
6dcb
6dcb
6dab
5d08
54e7
54e7
7dca
75ca
6dab
75ec
75c9
7dea
4ca8
3c46
4b85
6caa
4c85
6d89
7e2c
75eb
54a7
4c46
6e0c
4d28
7e0b
6d89
4c47
3be6
6d49
7deb
6daa
3c24
6d89
5d27
860a
6527
7d69
8deb
7d49
5405
4445
7e0b
4c86
75ec
860b
7dc9
862a
75e9
760b
762b
6e09
7629
85ea
85ca
7dea
7deb
7629
762a
7dea
7dea
7e0a
6567
6d48
7deb
7e0a
7e0a
7e0a
7e0a
860b
860b
85eb
8e0b
8dea
8dea
8e0a
860a
860b
7dea
6549
4ca6
7e0a
75ca
7629
7629
7e09
7e0a
6e4a
6e2a
760a
760a
85ca
85ca
75ea
75ea
6dcb
6dca
75ca
6daa
75aa
75ca
7dc9
7dc9
6dea
760a
6da9
75ea
7d8a
7d6a
13f4
34d8
64b5
2acd
eeac
6a80
a3e6
59a0
d207
e269
6a02
8ae6
542a
2283
ee6a
fecc
9d48
7404
ba48
c288
a862
d1a7
5b48
5327
5ceb
33c6
9b81
fe6c
feed
9380
1bf6
13d5
1ac2
4c48
3bc4
5cc8
5d48
760b
762a
7609
760a
7e2b
7e2b
7e2b
7e2a
7e2a
862a
862a
8de9
85c9
6d48
6d48
7e2a
7e0a
75e9
7e2a
75c9
7e0a
762a
762a
7e2a
7e2a
7e0a
7dea
75ea
7dea
7e0c
75cb
7e0b
7dea
7629
6e09
7e2a
7e0a
6e4a
6e2a
760a
760a
85ca
85ca
75ea
75ea
6dcb
6dca
6daa
6daa
75aa
75aa
7da9
7dc9
6dea
6dea
6dca
6dca
85ab
43a3
0bb3
3d19
122b
1a6c
ff2e
4160
f690
a406
da48
8800
9368
a3a9
43c8
3326
ff0d
38c0
e791
6bc2
a1a5
caa9
e249
e249
3a64
8cee
3be7
4c69
a3e2
cd07
7ac0
d588
2457
13d5
7dad
4c48
756b
43c5
760b
762b
6de9
7e4a
7e2a
7e2a
7e2b
7e2b
7e2a
7e4a
862b
862b
8e0a
8e0a
8e0b
85eb
864b
7e2a
7e09
7e2a
75ea
75ea
762a
762a
7e09
7609
7dea
7dea
75ea
75ea
75ca
7e0b
6dea
6e0a
6e2a
6609
7de9
7de9
7609
7609
6e0a
6e0a
85aa
85aa
6e09
6de9
65eb
65eb
6de8
6de8
75c9
75c9
6dea
6dea
75eb
6dcb
6dea
6e0b
75cc
6529
2375
0251
557b
1352
f70d
49c0
f690
82e1
d24a
da8b
3344
858e
3366
0200
f6ea
f6c9
83e7
7345
c227
b184
8a26
8a26
7ac6
ac6c
5529
65cb
7b40
eead
feae
6180
3c98
1b93
860d
0a40
64eb
43e7
6de9
7609
7dea
7dea
75ea
7e2b
75e9
7609
7dea
7dea
7628
7628
7dea
7dea
860a
7e0a
7dc9
7dea
7de9
7de9
7e0a
7de9
762a
7609
6e09
6e09
6e0a
6e0a
760a
760a
75ca
75ea
760a
760a
6e4a
6e4a
7dc8
7de9
7609
7609
6e0b
6e0a
85aa
85aa
6e09
6e09
65eb
65eb
6de8
6de8
75c9
75c9
6dea
6dea
6dcb
6dcb
6dca
6dca
75cc
33c4
2375
5d5c
4d39
01cc
cda8
f6ed
ddcd
38a0
e2cc
8000
2b03
7d8d
758e
3ba7
ff2a
7b20
e6f3
2920
c206
a943
7163
8a27
8b48
8327
0220
6dec
8360
de2b
bc65
bc65
3c77
01ed
5ce9
8e4e
6d4c
1aa2
7e4a
7609
7dea
7dca
7e0a
75ea
7609
7609
7dea
7dea
7608
7608
7de9
7de9
7de9
7dea
7dea
85ea
7de9
7de9
7e0a
7de9
7609
7609
6e09
6e09
6e0a
6e0a
75ea
75ea
6deb
6dea
6e2a
6e09
6de9
6e09
6dea
75ea
75ca
75ca
6e0a
6dea
6de9
6de9
6dea
6dea
75ea
6dc9
6609
6609
6dca
6dca
65ea
65ea
75e9
6de9
6dca
65ca
6e2a
762a
3b44
1200
1240
6d08
1aa1
0a20
1aa0
5487
01e0
54a8
4be7
1a41
1240
1261
09e0
2281
1240
5cc9
2344
33c6
868e
02a0
2a61
11a0
652c
01e0
1242
0a01
1240
2281
0a20
5ca8
2a81
11e0
0a60
6d2b
7629
6e09
7dea
7dca
760a
75ea
6e0a
6e0a
75cb
75cb
6e09
6e09
75eb
75eb
6de9
6de9
760b
760b
75e9
75e9
75ea
75ea
760a
75ea
7609
7609
75ea
75ea
75ea
75ea
6deb
6dea
6e0a
6e09
6de9
6de9
760b
75ea
75ea
75ea
6e0a
6e0a
6de9
6de9
6dea
6dea
6dc9
6dc9
65e9
65e9
6dca
6dca
65ea
65ea
6dc8
6de9
65ca
6deb
65c8
6de9
8dad
8dad
85ec
7dab
85ee
85ce
7dac
7dcc
860e
7dcd
85ae
85af
85ce
85ae
85cd
8dee
85cd
85cd
7dee
75ae
6dcb
762c
95ad
95ae
75ae
860f
85d0
85af
8def
85ce
860e
85ed
8dad
8dad
7dcd
7dcd
6de8
7629
75a9
7dca
75ea
75ea
6e0a
6e0a
75cb
75cb
6e09
6e09
75eb
75eb
7609
6dc9
75ea
75ea
75e9
7609
75ea
760a
75e9
75e9
6de9
75e9
75ea
75ca
75c9
75c9
75ca
75ca
75cb
75cb
75ab
758b
75cb
6daa
75aa
75aa
65cb
65cb
6dca
6dca
75aa
75aa
75ab
75ab
75ab
75ab
75aa
75aa
75ab
75ab
75cb
6daa
758a
758a
75ca
6da9
6dcb
6dcb
758a
6d6a
6dcb
6dcc
75ca
6d89
75cb
6d8a
7dca
758a
6deb
75eb
6dac
75ac
7589
7589
6dab
6dcb
75cc
6dab
75a9
75c9
75aa
758a
75ac
758b
6da9
6dca
65eb
5daa
75cb
7dcb
75eb
6d8a
6dcb
6dab
75cc
75cb
6dca
6dca
75ca
75ca
75ab
75ab
6dea
6dea
75aa
75aa
75eb
6dca
6dcc
6dcc
6dca
75ca
75ab
75ab
75cb
75cb
75ca
75ca
75ac
75ac
6dcb
6deb
862c
7e0c
7e0c
7e0c
860c
860c
760b
7e2c
7e0c
7e0c
762c
762c
7e2c
7e2c
7e0b
7e0b
7e0d
7e0d
7e0c
7e0c
7e0b
7e0b
7ded
7ded
7e0c
7e2c
85eb
85ec
7e0b
7e2b
762c
760c
7dec
862d
760c
75ec
7e0c
862c
7e0b
7e0c
7deb
860c
760c
7e2c
7e0e
7e0e
860b
860b
7e0d
7e2d
75ec
7e0d
862b
7e0b
7deb
860c
7ded
860d
7e2b
7e2b
6e4d
6e4d
7e0c
7dec
760c
7e4c
760c
7e2c
7e0d
7dec
7e2c
7e2c
7e0b
7e0b
7e0c
7e0c
762c
762c
860c
860c
7e0c
7e0c
760d
7e2d
7e2c
7e0c
860d
7e0c
7e0c
7e0c
7e0c
7e2c
7e0d
7e0d
7e2c
$finish called at time : 30 ns : File "/home/wgzesg/Desktop/finalProject/EE2026/SoundDisplay.srcs/sim_1/new/readtest.v" Line 38
